<?xml version="1.0" encoding="UTF-8"?>
<!-- Generated by org.testng.reporters.JUnitReportReporter -->
<testsuite hostname="DESKTOP-9L122V8" name="Week_02.Test_window" tests="1" failures="0" timestamp="8 Sep 2019 11:00:18 GMT" time="103.588" errors="0">
  <testcase name="validLoginTest" time="103.588" classname="Week_02.Test_window"/>
</testsuite> <!-- Week_02.Test_window -->
