<?xml version="1.0" encoding="UTF-8"?>
<!-- Generated by org.testng.reporters.JUnitReportReporter -->
<testsuite hostname="DESKTOP-9L122V8" name="Week_01.RTTC_015" tests="1" failures="0" timestamp="9 Sep 2019 01:53:44 GMT" time="39.099" errors="0">
  <testcase name="validLoginTest" time="39.099" classname="Week_01.RTTC_015"/>
</testsuite> <!-- Week_01.RTTC_015 -->
