<?xml version="1.0" encoding="UTF-8"?>
<!-- Generated by org.testng.reporters.JUnitReportReporter -->
<testsuite hostname="DESKTOP-9L122V8" name="Week_02.RTTC_044" tests="1" failures="0" timestamp="2 Sep 2019 14:15:42 GMT" time="44.231" errors="0">
  <testcase name="validLoginTest" time="44.231" classname="Week_02.RTTC_044"/>
</testsuite> <!-- Week_02.RTTC_044 -->
