<?xml version="1.0" encoding="UTF-8"?>
<!-- Generated by org.testng.reporters.JUnitReportReporter -->
<testsuite hostname="DESKTOP-9L122V8" name="Week_02.RTTC_043" tests="1" failures="0" timestamp="2 Sep 2019 14:38:09 GMT" time="47.990" errors="0">
  <testcase name="validLoginTest" time="47.990" classname="Week_02.RTTC_043"/>
</testsuite> <!-- Week_02.RTTC_043 -->
