<?xml version="1.0" encoding="UTF-8"?>
<!-- Generated by org.testng.reporters.JUnitReportReporter -->
<testsuite hostname="DESKTOP-9L122V8" name="Week_01.RTTC_014" tests="1" failures="0" timestamp="9 Sep 2019 01:37:27 GMT" time="45.747" errors="0">
  <testcase name="validLoginTest" time="45.747" classname="Week_01.RTTC_014"/>
</testsuite> <!-- Week_01.RTTC_014 -->
